ISim log file
Running: H:\Users\ygg001.BUCKNELL\Downloads\Zedboard_OV7670\ov7670\work\tb_ov7670_top_isim_beh.exe -intstyle ise -gui -tclbatch isim.cmd -wdb H:/Users/ygg001.BUCKNELL/Downloads/Zedboard_OV7670/ov7670/work/tb_ov7670_top_isim_beh.wdb 
ISim P.58f (signature 0x7708f090)
----------------------------------------------------------------------
INFO:Security:51 - The XILINXD_LICENSE_FILE environment variable is not set.
INFO:Security:52 - The LM_LICENSE_FILE environment variable is set to '2100@xilinx-license.bucknell.edu'.
WARNING:Security:43 - No license file was found in the standard Xilinx license directory.
WARNING:Security:44 - Since no license file was found,
       please run the Xilinx License Configuration Manager
       (xlcm or "Manage Xilinx Licenses")
       to assist in obtaining a license.
WARNING:Security:42 - Your software subscription period has lapsed. Your current version of Xilinx tools will continue to function, but you no longer qualify for Xilinx software updates or new releases.


----------------------------------------------------------------------
This is a Full version of ISim.
Time resolution is 1 ps
# onerror resume
# wave add /
# run 1000 ns
Simulator is doing circuit initialization process.
Finished circuit initialization process.
at 25 ns(1), Instance /tb_ov7670_top/uut/fb/U0/native_mem_module/mem_module/ : Warning: There is an 'U'|'X'|'W'|'Z'|'-' in an arithmetic operand, the result will be 'X'(es).
at 25 ns(1): Note: Block Memory Generator CORE Generator module is using a behavioral model FOR simulation which will not precisely model memory collision behavior. (/tb_ov7670_top/uut/fb/U0/native_mem_module/mem_module/).
# restart
# run all
Simulator is doing circuit initialization process.
Finished circuit initialization process.
at 25 ns(1): Note: Block Memory Generator CORE Generator module is using a behavioral model FOR simulation which will not precisely model memory collision behavior. (/tb_ov7670_top/uut/fb/U0/native_mem_module/mem_module/).
Stopped at time : 13357360 ns : File "H:/Users/ygg001.BUCKNELL/Downloads/Zedboard_OV7670/ov7670/tb_ov7670_top.vhd" Line 88
